2020-12-28 07:51:59.213  WARN 5112 --- [HikariPool-2 housekeeper] com.zaxxer.hikari.pool.HikariPool        : HikariPool-2 - Thread starvation or clock leap detected (housekeeper delta=6h49m10s388ms775µs900ns).
2020-12-28 08:03:17.140  INFO 5112 --- [RMI TCP Connection(345)-127.0.0.1] inMXBeanRegistrar$SpringApplicationAdmin : Application shutdown requested.
2020-12-28 08:03:17.258  INFO 5112 --- [RMI TCP Connection(345)-127.0.0.1] o.s.s.concurrent.ThreadPoolTaskExecutor  : Shutting down ExecutorService 'applicationTaskExecutor'
2020-12-28 08:03:17.262  INFO 5112 --- [RMI TCP Connection(345)-127.0.0.1] j.LocalContainerEntityManagerFactoryBean : Closing JPA EntityManagerFactory for persistence unit 'default'
2020-12-28 08:03:17.275  INFO 5112 --- [RMI TCP Connection(345)-127.0.0.1] com.zaxxer.hikari.HikariDataSource       : HikariPool-2 - Shutdown initiated...
2020-12-28 08:03:17.295  INFO 5112 --- [RMI TCP Connection(345)-127.0.0.1] com.zaxxer.hikari.HikariDataSource       : HikariPool-2 - Shutdown completed.
2020-12-28 08:03:28.806  INFO 14104 --- [restartedMain] c.b.e.EmployeePayrollAppApplication      : Starting EmployeePayrollAppApplication using Java 15.0.1 on DESKTOP-PREM with PID 14104 (C:\Users\Dell\OneDrive\Desktop\EmployeePayrollSpringApp\target\classes started by Dell in C:\Users\Dell\OneDrive\Desktop\EmployeePayrollSpringApp)
2020-12-28 08:03:28.811 DEBUG 14104 --- [restartedMain] c.b.e.EmployeePayrollAppApplication      : Running with Spring Boot v2.4.1, Spring v5.3.2
2020-12-28 08:03:28.812  INFO 14104 --- [restartedMain] c.b.e.EmployeePayrollAppApplication      : No active profile set, falling back to default profiles: default
2020-12-28 08:03:28.903  INFO 14104 --- [restartedMain] .e.DevToolsPropertyDefaultsPostProcessor : Devtools property defaults active! Set 'spring.devtools.add-properties' to 'false' to disable
2020-12-28 08:03:28.904  INFO 14104 --- [restartedMain] .e.DevToolsPropertyDefaultsPostProcessor : For additional web related logging consider setting the 'logging.level.web' property to 'DEBUG'
2020-12-28 08:03:30.217  INFO 14104 --- [restartedMain] .s.d.r.c.RepositoryConfigurationDelegate : Bootstrapping Spring Data JPA repositories in DEFAULT mode.
2020-12-28 08:03:30.311  INFO 14104 --- [restartedMain] .s.d.r.c.RepositoryConfigurationDelegate : Finished Spring Data repository scanning in 78 ms. Found 1 JPA repository interfaces.
2020-12-28 08:03:31.578  INFO 14104 --- [restartedMain] o.s.b.w.embedded.tomcat.TomcatWebServer  : Tomcat initialized with port(s): 8080 (http)
2020-12-28 08:03:31.609  INFO 14104 --- [restartedMain] o.apache.catalina.core.StandardService   : Starting service [Tomcat]
2020-12-28 08:03:31.611  INFO 14104 --- [restartedMain] org.apache.catalina.core.StandardEngine  : Starting Servlet engine: [Apache Tomcat/9.0.41]
2020-12-28 08:03:31.770  INFO 14104 --- [restartedMain] o.a.c.c.C.[Tomcat].[localhost].[/]       : Initializing Spring embedded WebApplicationContext
2020-12-28 08:03:31.771  INFO 14104 --- [restartedMain] w.s.c.ServletWebServerApplicationContext : Root WebApplicationContext: initialization completed in 2865 ms
2020-12-28 08:03:32.483  INFO 14104 --- [restartedMain] com.zaxxer.hikari.HikariDataSource       : HikariPool-1 - Starting...
2020-12-28 08:03:33.142  INFO 14104 --- [restartedMain] com.zaxxer.hikari.HikariDataSource       : HikariPool-1 - Start completed.
2020-12-28 08:03:34.873  INFO 14104 --- [restartedMain] j.LocalContainerEntityManagerFactoryBean : Initialized JPA EntityManagerFactory for persistence unit 'default'
2020-12-28 08:03:34.962  INFO 14104 --- [restartedMain] o.s.b.d.a.OptionalLiveReloadServer       : LiveReload server is running on port 35729
2020-12-28 08:03:35.437  WARN 14104 --- [restartedMain] JpaBaseConfiguration$JpaWebConfiguration : spring.jpa.open-in-view is enabled by default. Therefore, database queries may be performed during view rendering. Explicitly configure spring.jpa.open-in-view to disable this warning
2020-12-28 08:03:35.623  INFO 14104 --- [restartedMain] o.s.s.concurrent.ThreadPoolTaskExecutor  : Initializing ExecutorService 'applicationTaskExecutor'
2020-12-28 08:03:36.044  INFO 14104 --- [restartedMain] o.s.b.w.embedded.tomcat.TomcatWebServer  : Tomcat started on port(s): 8080 (http) with context path ''
2020-12-28 08:03:36.059  INFO 14104 --- [restartedMain] c.b.e.EmployeePayrollAppApplication      : Started EmployeePayrollAppApplication in 8.086 seconds (JVM running for 10.074)
2020-12-28 08:03:36.065  INFO 14104 --- [restartedMain] c.b.e.EmployeePayrollAppApplication      : Employee Payroll App Started in null Environment
2020-12-28 08:03:36.066  INFO 14104 --- [restartedMain] c.b.e.EmployeePayrollAppApplication      : Employee Payroll DB User is root
2020-12-28 08:03:45.998  INFO 14104 --- [http-nio-8080-exec-1] o.a.c.c.C.[Tomcat].[localhost].[/]       : Initializing Spring DispatcherServlet 'dispatcherServlet'
